\BOOKMARK [0][-]{chapter.1}{\376\377\147\102\230\171}{}% 1
\BOOKMARK [1][-]{section.1.1}{\376\377\221\317\133\120\145\143\134\004}{chapter.1}% 2
\BOOKMARK [1][-]{section.1.2}{\376\377\121\111\133\146\133\232\164\006}{chapter.1}% 3
\BOOKMARK [0][-]{chapter.2}{\376\377\145\160\133\146\162\151\164\006\145\271\154\325}{}% 4
\BOOKMARK [1][-]{section.2.1}{\376\377\131\015\123\330\121\375\145\160}{chapter.2}% 5
\BOOKMARK [0][-]{chapter.3}{\376\377\121\335\200\132\140\001\127\072\213\272\060\001\221\317\133\120\131\032\117\123}{}% 6
\BOOKMARK [1][-]{section.3.1}{\376\377\000L\000K\000\040\000F\000o\000r\000m\000u\000l\000a}{chapter.3}% 7
\BOOKMARK [1][-]{section.3.2}{\376\377\221\317\133\120\123\357\171\357\116\016\000B\000e\000t\000h\000e\142\337\213\276}{chapter.3}% 8
\BOOKMARK [1][-]{section.3.3}{\376\377\226\217\147\072\122\277\127\072\116\013\166\204\165\065\133\120\154\024}{chapter.3}% 9
\BOOKMARK [1][-]{section.3.4}{\376\377\000P\000e\000i\000e\000r\000l\000s\133\232\164\006}{chapter.3}% 10
\BOOKMARK [1][-]{section.3.5}{\376\377\000Q\000u\000a\000n\000t\000u\000m\000-\000C\000l\000a\000s\000s\000i\000c\000a\000l\000\040\000C\000o\000r\000r\000e\000s\000p\000o\000n\000d\000e\000n\000c\000e}{chapter.3}% 11
\BOOKMARK [1][-]{section.3.6}{\376\377\000W\000i\000c\000k\133\232\164\006\166\204\131\032\171\315\137\142\137\017}{chapter.3}% 12
\BOOKMARK [2][-]{subsection.3.6.1}{\376\377\121\335\200\132\140\001\116\016\000Q\000F\000T\116\055\166\204\000W\000i\000c\000k\133\232\164\006}{section.3.6}% 13
\BOOKMARK [2][-]{subsection.3.6.2}{\376\377\176\337\213\241\116\055\166\204\040\034\000w\000i\000c\000k\040\035\133\232\164\006}{section.3.6}% 14
\BOOKMARK [1][-]{section.3.7}{\376\377\000H\000a\000r\000t\000r\000e\000e\000-\000F\000o\000c\000k\217\321\117\074}{chapter.3}% 15
\BOOKMARK [2][-]{subsection.3.7.1}{\376\377\127\372\140\001\200\375\221\317}{section.3.7}% 16
\BOOKMARK [2][-]{subsection.3.7.2}{\376\377\157\300\123\321\214\061}{section.3.7}% 17
\BOOKMARK [1][-]{section.3.8}{\376\377\116\214\153\041\221\317\133\120\123\026\116\055\166\204\116\000\116\233\176\306\202\202}{chapter.3}% 18
\BOOKMARK [2][-]{subsection.3.8.1}{\376\377\116\000\153\041\173\227\173\046\116\016\116\214\153\041\173\227\173\046\166\204\121\163\174\373}{section.3.8}% 19
\BOOKMARK [2][-]{subsection.3.8.2}{\376\377\154\342\121\375\145\160\211\304\203\003\123\330\143\142\116\016\116\247\165\037\173\227\173\046\133\371\136\224\166\204\123\330\143\142}{section.3.8}% 20
\BOOKMARK [1][-]{section.3.9}{\376\377\136\163\127\107\127\072\217\321\117\074\377\014\232\330\145\257\217\321\117\074\377\014\227\215\160\271\217\321\117\074\377\014\000P\000r\000o\000d\000u\000c\000t\000\040\000S\000t\000a\000t\000e}{chapter.3}% 21
\BOOKMARK [1][-]{section.3.10}{\376\377\000K\000o\000n\000d\000o\225\356\230\230}{chapter.3}% 22
\BOOKMARK [1][-]{section.3.11}{\376\377\176\277\140\047\124\315\136\224\164\006\213\272}{chapter.3}% 23
\BOOKMARK [2][-]{subsection.3.11.1}{\376\377\127\372\147\054\123\237\164\006}{section.3.11}% 24
\BOOKMARK [2][-]{subsection.3.11.2}{\376\377\150\074\147\227\121\375\145\160\166\204\211\343\147\220\176\323\147\204}{section.3.11}% 25
\BOOKMARK [2][-]{subsection.3.11.3}{\376\377\214\061\133\306\136\246\121\375\145\160\116\345\123\312\202\162\145\143\121\163\174\373}{section.3.11}% 26
\BOOKMARK [2][-]{subsection.3.11.4}{\376\377\210\145\121\105\147\120\145\231}{section.3.11}% 27
\BOOKMARK [2][-]{subsection.3.11.5}{\376\377\116\016\133\236\232\214\155\113\221\317\221\317\116\113\225\364\166\204\200\124\174\373}{section.3.11}% 28
\BOOKMARK [2][-]{subsection.3.11.6}{\376\377\165\065\170\301\176\277\140\047\124\315\136\224}{section.3.11}% 29
\BOOKMARK [1][-]{section.3.12}{\376\377\163\273\202\162\123\026\116\016\000J\000W\123\330\143\142}{chapter.3}% 30
\BOOKMARK [1][-]{section.3.13}{\376\377\201\352\145\313\000-\165\065\203\167\122\006\171\273}{chapter.3}% 31
\BOOKMARK [1][-]{section.3.14}{\376\377\000H\000-\000S\123\330\143\142}{chapter.3}% 32
\BOOKMARK [1][-]{section.3.15}{\376\377\215\071\174\163\155\262\117\123}{chapter.3}% 33
\BOOKMARK [2][-]{subsection.3.15.1}{\376\377\117\040\176\337\143\250\133\374}{section.3.15}% 34
\BOOKMARK [2][-]{subsection.3.15.2}{\376\377\116\316\147\011\145\110\127\072\213\272\166\204\211\322\136\246}{section.3.15}% 35
\BOOKMARK [1][-]{section.3.16}{\376\377\165\065\060\001\130\360\133\120\147\011\145\110\166\370\116\222\117\134\165\050}{chapter.3}% 36
\BOOKMARK [1][-]{section.3.17}{\376\377\000G\000o\000l\000d\000s\000t\000o\000n\000e\133\232\164\006\000\050\176\317\121\170\000\051}{chapter.3}% 37
\BOOKMARK [0][-]{chapter.4}{\376\377\221\317\133\120\117\341\140\157}{}% 38
\BOOKMARK [1][-]{section.4.1}{\376\377\000M\000u\000l\000t\000i\000p\000a\000r\000t\000i\000t\000e\000\040\000E\000n\000t\000a\000n\000g\000l\000e\000m\000e\000n\000t}{chapter.4}% 39
\BOOKMARK [0][-]{chapter.5}{\376\377\221\317\133\120\127\072\213\272}{}% 40
\BOOKMARK [1][-]{section.5.1}{\376\377\124\014\116\000\174\222\133\120\166\204\116\015\124\014\210\150\171\072}{chapter.5}% 41
\BOOKMARK [1][-]{section.5.2}{\376\377\000D\000i\000r\000a\000c\000,\000W\000e\000y\000l\000\040\000a\000n\000d\000\040\000M\000a\000j\000o\000r\000a\000n\000a\000\040\000f\000e\000r\000m\000i\000o\000n\000s}{chapter.5}% 42
\BOOKMARK [2][-]{subsection.5.2.1}{\376\377\000D\000i\000r\000a\000c\145\271\172\013\123\312\121\166\211\343}{section.5.2}% 43
\BOOKMARK [2][-]{subsection.5.2.2}{\376\377\000F\000o\000u\000r\000i\000e\000r\134\125\137\000}{section.5.2}% 44
\BOOKMARK [2][-]{subsection.5.2.3}{\376\377\167\351\226\065\000C\166\204\116\000\116\233\140\047\215\050}{section.5.2}% 45
\BOOKMARK [2][-]{subsection.5.2.4}{\376\377\133\236\147\141\116\366\166\204\155\033\117\046\121\171\116\015\123\330\140\047}{section.5.2}% 46
\BOOKMARK [2][-]{subsection.5.2.5}{\376\377\135\346\116\016\123\363}{section.5.2}% 47
\BOOKMARK [2][-]{subsection.5.2.6}{\376\377\000W\000y\000l\000e\000\040\000f\000e\000r\000m\000i\000o\000n}{section.5.2}% 48
\BOOKMARK [2][-]{subsection.5.2.7}{\376\377\116\316\000W\000y\000l\000e\215\071\174\163\133\120\122\060\000M\000a\000j\000o\000r\000a\000n\000a\000\040\116\016\000D\000i\000r\000a\000c\215\071\174\163\133\120}{section.5.2}% 49
\BOOKMARK [1][-]{section.5.3}{\376\377\000S\000c\000h\000w\000i\000n\000g\000e\000r\040\023\000D\000y\000s\000o\000n\145\271\172\013}{chapter.5}% 50
\BOOKMARK [2][-]{subsection.5.3.1}{\376\377\143\250\133\374}{section.5.3}% 51
\BOOKMARK [2][-]{subsection.5.3.2}{\376\377\176\323\124\010\000N\000o\000e\000t\000h\000e\000r\155\101}{section.5.3}% 52
\BOOKMARK [1][-]{section.5.4}{\376\377\000P\000o\000l\000o\000g\000y\000\040\000a\000n\000d\000\040\000L\000Z\000S\000\040\000f\000o\000r\000m\000u\000l\000a}{chapter.5}% 53
\BOOKMARK [2][-]{subsection.5.4.1}{\376\377\000K\000-\000L\210\150\171\072}{section.5.4}% 54
\BOOKMARK [2][-]{subsection.5.4.2}{\376\377\000L\000S\000Z\176\246\123\026\121\154\137\017}{section.5.4}% 55
\BOOKMARK [1][-]{section.5.5}{\376\377\000N\000o\000e\000t\000h\000e\000r\133\232\164\006\116\016\000l\000o\000c\000a\000l\133\371\171\360\140\047}{chapter.5}% 56
\BOOKMARK [1][-]{section.5.6}{\376\377\211\304\203\003\127\072\166\204\221\317\133\120\123\026\000:\000Q\000E\000D\000,\227\136\226\077\215\035\134\024\000,\116\016\121\335\200\132\140\001\116\055\166\204\165\065\170\301\127\072\215\357\137\204\171\357\122\006}{chapter.5}% 57
\BOOKMARK [1][-]{section.5.7}{\376\377\131\026\127\072\116\016\147\011\145\110\117\134\165\050\221\317}{chapter.5}% 58
\BOOKMARK [2][-]{subsection.5.7.1}{\376\377\147\145\201\352\160\355\122\233\133\146\166\204\174\173\153\324}{section.5.7}% 59
\BOOKMARK [2][-]{subsection.5.7.2}{\376\377\147\011\145\110\117\134\165\050\221\317\166\204\137\025\121\145}{section.5.7}% 60
\BOOKMARK [2][-]{subsection.5.7.3}{\376\377\147\011\145\110\117\134\165\050\221\317\166\204\140\047\215\050}{section.5.7}% 61
\BOOKMARK [2][-]{subsection.5.7.4}{\376\377\147\011\145\110\117\134\165\050\221\317\166\204\213\241\173\227}{section.5.7}% 62
\BOOKMARK [2][-]{subsection.5.7.5}{\376\377\147\011\145\110\117\134\165\050\221\317\166\204\133\371\171\360\140\047}{section.5.7}% 63
\BOOKMARK [1][-]{section.5.8}{\376\377\221\317\133\120\000G\000o\000l\000d\000s\000t\000o\000n\000e\133\232\164\006}{chapter.5}% 64
\BOOKMARK [2][-]{subsection.5.8.1}{\376\377\133\373\142\176\167\037\172\172}{section.5.8}% 65
\BOOKMARK [2][-]{subsection.5.8.2}{\376\377\173\200\136\166\167\037\172\172}{section.5.8}% 66
\BOOKMARK [2][-]{subsection.5.8.3}{\376\377\221\317\133\120\000G\000o\000l\000d\000s\000t\000o\000n\000e\133\232\164\006\166\204\213\301\146\016}{section.5.8}% 67
\BOOKMARK [0][-]{chapter.6}{\376\377\137\040\221\317\177\121\176\334}{}% 68
